<?xml version="1.0" encoding="UTF-8"?>
<!-- Generated by org.testng.reporters.JUnitXMLReporter -->
<testsuite ignored="2" hostname="DESKTOP-9GREGCR" failures="0" tests="1" name="MyPractice" time="0.007" errors="0" timestamp="2023-09-21T16:35:55 IST">
  <testcase classname="PracticeTestNg.practiceTest2" name="Demo" time="0.002"/>
  <testcase classname="PracticeTestNg.practiceTest2" name="Second" time="0.0">
    <ignored/>
  </testcase> <!-- Second -->
  <testcase classname="PracticeTestNg.practiceTest2" name="Third" time="0.0">
    <ignored/>
  </testcase> <!-- Third -->
</testsuite> <!-- MyPractice -->
