<?xml version="1.0" encoding="UTF-8"?>
<!-- Generated by org.testng.reporters.JUnitXMLReporter -->
<testsuite ignored="0" hostname="DESKTOP-9GREGCR" failures="0" tests="4" name="Practice" time="0.11" errors="0" timestamp="2023-09-21T16:35:55 IST">
  <testcase classname="PracticeTestNg.practiceTestng" name="Demo" time="0.012"/>
  <testcase classname="PracticeTestNg.practiceTestng" name="Second" time="0.003"/>
  <testcase classname="PracticeTestNg.practiceTest1" name="Demo" time="0.004"/>
  <testcase classname="PracticeTestNg.practiceTest1" name="Second" time="0.003"/>
</testsuite> <!-- Practice -->
