<?xml version="1.0" encoding="UTF-8"?>
<!-- Generated by org.testng.reporters.JUnitXMLReporter -->
<testsuite ignored="1" hostname="DESKTOP-9GREGCR" failures="0" tests="9" name="Regression" time="0.185" errors="0" timestamp="2023-09-25T15:21:36 IST">
  <testcase classname="PracticeTestNg.practiceTestng" name="Demo" time="0.012"/>
  <testcase classname="PracticeTestNg.practiceTestng" name="Second" time="0.002"/>
  <testcase classname="PracticeTestNg.practiceTestng" name="Second" time="0.004"/>
  <testcase classname="PracticeTestNg.practiceTestng" name="Second" time="0.004"/>
  <testcase classname="PracticeTestNg.practiceTest1" name="Demo" time="0.005"/>
  <testcase classname="PracticeTestNg.practiceTest2" name="Mobile" time="0.006"/>
  <testcase classname="PracticeTestNg.practiceTest2" name="NotMobile" time="0.008"/>
  <testcase classname="PracticeTestNg.practiceTest2" name="Demo2" time="0.011"/>
  <testcase classname="PracticeTestNg.practiceTest2" name="Demo" time="0.002"/>
  <testcase classname="PracticeTestNg.practiceTest1" name="Third" time="0.0">
    <ignored/>
  </testcase> <!-- Third -->
</testsuite> <!-- Regression -->
