<?xml version="1.0" encoding="UTF-8"?>
<!-- Generated by org.testng.reporters.JUnitXMLReporter -->
<testsuite ignored="0" hostname="DESKTOP-9GREGCR" failures="1" tests="12" name="Test" time="0.161" errors="0" timestamp="2023-09-25T15:15:03 IST">
  <testcase classname="PracticeTestNg.practiceTest1" name="Demo" time="0.011"/>
  <testcase classname="PracticeTestNg.practiceTest1" name="Third" time="0.002"/>
  <testcase classname="PracticeTestNg.practiceTest2" name="Mobile" time="0.003"/>
  <testcase classname="PracticeTestNg.practiceTest2" name="NotMobile" time="0.003"/>
  <testcase classname="PracticeTestNg.practiceTest2" name="Demo2" time="0.01"/>
  <testcase classname="PracticeTestNg.practiceTest2" name="Demo" time="0.003"/>
  <testcase classname="PracticeTestNg.practiceTest3" name="Demo" time="0.002"/>
  <testcase classname="PracticeTestNg.practiceTest3" name="city" time="0.005">
    <failure type="java.lang.AssertionError" message="expected [true] but found [false]">
      <![CDATA[java.lang.AssertionError: expected [true] but found [false]
at PracticeTestNg.practiceTest3.city(practiceTest3.java:23)
at java.base/java.util.ArrayList.forEach(ArrayList.java:1511)
... Removed 31 stack frames]]>
    </failure>
  </testcase> <!-- city -->
  <testcase classname="PracticeTestNg.practiceTestng" name="Demo" time="0.001"/>
  <testcase classname="PracticeTestNg.practiceTestng" name="Second" time="0.002"/>
  <testcase classname="PracticeTestNg.practiceTestng" name="Second" time="0.002"/>
  <testcase classname="PracticeTestNg.practiceTestng" name="Second" time="0.002"/>
</testsuite> <!-- Test -->
