<?xml version="1.0" encoding="UTF-8"?>
<testng-results ignored="0" total="1" passed="1" failed="0" skipped="0">
  <reporter-output>
  </reporter-output>
  <suite started-at="2023-10-11T11:20:48 IST" name="Default suite" finished-at="2023-10-11T11:21:35 IST" duration-ms="46986">
    <groups>
    </groups>
    <test started-at="2023-10-11T11:20:48 IST" name="Default test" finished-at="2023-10-11T11:21:35 IST" duration-ms="46986">
      <class name="Scratch.pathlocators">
        <test-method signature="practice()[pri:0, instance:Scratch.pathlocators@5403f35f]" started-at="2023-10-11T11:20:48 IST" name="practice" finished-at="2023-10-11T11:21:35 IST" duration-ms="46900" status="PASS">
          <reporter-output>
          </reporter-output>
        </test-method> <!-- practice -->
      </class> <!-- Scratch.pathlocators -->
    </test> <!-- Default test -->
  </suite> <!-- Default suite -->
</testng-results>
